# JRE version: OpenJDK Runtime Environment (8.0_202-b03) (build 1.8.0_202-release-1483-b03)
# Java VM: OpenJDK 64-Bit Server VM (25.202-b03 mixed mode windows-amd64 compressed oops)
Heap:
 PSYoungGen      total 255488K, used 58290K [0x00000000e0000000, 0x00000000f5880000, 0x0000000100000000)
  eden space 236032K, 17% used [0x00000000e0000000,0x00000000e28b14a0,0x00000000ee680000)
  from space 19456K, 85% used [0x00000000ee680000,0x00000000ef6bb628,0x00000000ef980000)
  to   space 20992K, 0% used [0x00000000f4400000,0x00000000f4400000,0x00000000f5880000)
 ParOldGen       total 145408K, used 34206K [0x00000000a0000000, 0x00000000a8e00000, 0x00000000e0000000)
  object space 145408K, 23% used [0x00000000a0000000,0x00000000a2167bb0,0x00000000a8e00000)
 Metaspace       used 69009K, capacity 71164K, committed 71296K, reserved 1112064K
  class space    used 9059K, capacity 9581K, committed 9600K, reserved 1048576K
GC Heap History (10 events):
Event: 17.637 GC heap before
{Heap before GC invocations=12 (full 2):
 PSYoungGen      total 131584K, used 131553K [0x00000000e0000000, 0x00000000ec500000, 0x0000000100000000)
  eden space 119296K, 100% used [0x00000000e0000000,0x00000000e7480000,0x00000000e7480000)
  from space 12288K, 99% used [0x00000000e7480000,0x00000000e8078668,0x00000000e8080000)
  to   space 14848K, 0% used [0x00000000eb680000,0x00000000eb680000,0x00000000ec500000)
 ParOldGen       total 108544K, used 17722K [0x00000000a0000000, 0x00000000a6a00000, 0x00000000e0000000)
  object space 108544K, 16% used [0x00000000a0000000,0x00000000a114e850,0x00000000a6a00000)
 Metaspace       used 56422K, capacity 57948K, committed 58112K, reserved 1099776K
  class space    used 7666K, capacity 8075K, committed 8192K, reserved 1048576K
Event: 17.677 GC heap after
Heap after GC invocations=12 (full 2):
 PSYoungGen      total 182784K, used 14822K [0x00000000e0000000, 0x00000000eca80000, 0x0000000100000000)
  eden space 167936K, 0% used [0x00000000e0000000,0x00000000e0000000,0x00000000ea400000)
  from space 14848K, 99% used [0x00000000eb680000,0x00000000ec4f9978,0x00000000ec500000)
  to   space 18944K, 0% used [0x00000000ea400000,0x00000000ea400000,0x00000000eb680000)
 ParOldGen       total 108544K, used 23673K [0x00000000a0000000, 0x00000000a6a00000, 0x00000000e0000000)
  object space 108544K, 21% used [0x00000000a0000000,0x00000000a171e7b0,0x00000000a6a00000)
 Metaspace       used 56422K, capacity 57948K, committed 58112K, reserved 1099776K
  class space    used 7666K, capacity 8075K, committed 8192K, reserved 1048576K
}
Event: 17.923 GC heap before
{Heap before GC invocations=13 (full 2):
 PSYoungGen      total 182784K, used 27850K [0x00000000e0000000, 0x00000000eca80000, 0x0000000100000000)
  eden space 167936K, 7% used [0x00000000e0000000,0x00000000e0cb91a0,0x00000000ea400000)
  from space 14848K, 99% used [0x00000000eb680000,0x00000000ec4f9978,0x00000000ec500000)
  to   space 18944K, 0% used [0x00000000ea400000,0x00000000ea400000,0x00000000eb680000)
 ParOldGen       total 108544K, used 23673K [0x00000000a0000000, 0x00000000a6a00000, 0x00000000e0000000)
  object space 108544K, 21% used [0x00000000a0000000,0x00000000a171e7b0,0x00000000a6a00000)
 Metaspace       used 57362K, capacity 58958K, committed 59096K, reserved 1099776K
  class space    used 7795K, capacity 8214K, committed 8320K, reserved 1048576K
Event: 17.948 GC heap after
Heap after GC invocations=13 (full 2):
 PSYoungGen      total 186880K, used 1547K [0x00000000e0000000, 0x00000000f1400000, 0x0000000100000000)
  eden space 167936K, 0% used [0x00000000e0000000,0x00000000e0000000,0x00000000ea400000)
  from space 18944K, 8% used [0x00000000ea400000,0x00000000ea582c78,0x00000000eb680000)
  to   space 19456K, 0% used [0x00000000f0100000,0x00000000f0100000,0x00000000f1400000)
 ParOldGen       total 108544K, used 36068K [0x00000000a0000000, 0x00000000a6a00000, 0x00000000e0000000)
  object space 108544K, 33% used [0x00000000a0000000,0x00000000a23393c0,0x00000000a6a00000)
 Metaspace       used 57362K, capacity 58958K, committed 59096K, reserved 1099776K
  class space    used 7795K, capacity 8214K, committed 8320K, reserved 1048576K
}
Event: 17.948 GC heap before
{Heap before GC invocations=14 (full 3):
 PSYoungGen      total 186880K, used 1547K [0x00000000e0000000, 0x00000000f1400000, 0x0000000100000000)
  eden space 167936K, 0% used [0x00000000e0000000,0x00000000e0000000,0x00000000ea400000)
  from space 18944K, 8% used [0x00000000ea400000,0x00000000ea582c78,0x00000000eb680000)
  to   space 19456K, 0% used [0x00000000f0100000,0x00000000f0100000,0x00000000f1400000)
 ParOldGen       total 108544K, used 36068K [0x00000000a0000000, 0x00000000a6a00000, 0x00000000e0000000)
  object space 108544K, 33% used [0x00000000a0000000,0x00000000a23393c0,0x00000000a6a00000)
 Metaspace       used 57362K, capacity 58958K, committed 59096K, reserved 1099776K
  class space    used 7795K, capacity 8214K, committed 8320K, reserved 1048576K
Event: 18.221 GC heap after
Heap after GC invocations=14 (full 3):
 PSYoungGen      total 186880K, used 0K [0x00000000e0000000, 0x00000000f1400000, 0x0000000100000000)
  eden space 167936K, 0% used [0x00000000e0000000,0x00000000e0000000,0x00000000ea400000)
  from space 18944K, 0% used [0x00000000ea400000,0x00000000ea400000,0x00000000eb680000)
  to   space 19456K, 0% used [0x00000000f0100000,0x00000000f0100000,0x00000000f1400000)
 ParOldGen       total 145408K, used 27760K [0x00000000a0000000, 0x00000000a8e00000, 0x00000000e0000000)
  object space 145408K, 19% used [0x00000000a0000000,0x00000000a1b1c0c8,0x00000000a8e00000)
 Metaspace       used 57362K, capacity 58958K, committed 59096K, reserved 1099776K
  class space    used 7795K, capacity 8214K, committed 8320K, reserved 1048576K
}
Event: 40.873 GC heap before
{Heap before GC invocations=15 (full 3):
 PSYoungGen      total 186880K, used 167936K [0x00000000e0000000, 0x00000000f1400000, 0x0000000100000000)
  eden space 167936K, 100% used [0x00000000e0000000,0x00000000ea400000,0x00000000ea400000)
  from space 18944K, 0% used [0x00000000ea400000,0x00000000ea400000,0x00000000eb680000)
  to   space 19456K, 0% used [0x00000000f0100000,0x00000000f0100000,0x00000000f1400000)
 ParOldGen       total 145408K, used 27760K [0x00000000a0000000, 0x00000000a8e00000, 0x00000000e0000000)
  object space 145408K, 19% used [0x00000000a0000000,0x00000000a1b1c0c8,0x00000000a8e00000)
 Metaspace       used 64439K, capacity 66436K, committed 66688K, reserved 1107968K
  class space    used 8627K, capacity 9075K, committed 9088K, reserved 1048576K
Event: 40.889 GC heap after
Heap after GC invocations=15 (full 3):
 PSYoungGen      total 243200K, used 11470K [0x00000000e0000000, 0x00000000f0c80000, 0x0000000100000000)
  eden space 231424K, 0% used [0x00000000e0000000,0x00000000e0000000,0x00000000ee200000)
  from space 11776K, 97% used [0x00000000f0100000,0x00000000f0c33820,0x00000000f0c80000)
  to   space 19456K, 0% used [0x00000000ee680000,0x00000000ee680000,0x00000000ef980000)
 ParOldGen       total 145408K, used 27768K [0x00000000a0000000, 0x00000000a8e00000, 0x00000000e0000000)
  object space 145408K, 19% used [0x00000000a0000000,0x00000000a1b1e0c8,0x00000000a8e00000)
 Metaspace       used 64439K, capacity 66436K, committed 66688K, reserved 1107968K
  class space    used 8627K, capacity 9075K, committed 9088K, reserved 1048576K
}
Event: 46.281 GC heap before
{Heap before GC invocations=16 (full 3):
 PSYoungGen      total 243200K, used 240984K [0x00000000e0000000, 0x00000000f0c80000, 0x0000000100000000)
  eden space 231424K, 99% used [0x00000000e0000000,0x00000000ee022a08,0x00000000ee200000)
  from space 11776K, 97% used [0x00000000f0100000,0x00000000f0c33820,0x00000000f0c80000)
  to   space 19456K, 0% used [0x00000000ee680000,0x00000000ee680000,0x00000000ef980000)
 ParOldGen       total 145408K, used 27768K [0x00000000a0000000, 0x00000000a8e00000, 0x00000000e0000000)
  object space 145408K, 19% used [0x00000000a0000000,0x00000000a1b1e0c8,0x00000000a8e00000)
 Metaspace       used 68763K, capacity 70880K, committed 71040K, reserved 1110016K
  class space    used 9029K, capacity 9539K, committed 9600K, reserved 1048576K
Event: 46.311 GC heap after
Heap after GC invocations=16 (full 3):
 PSYoungGen      total 255488K, used 16621K [0x00000000e0000000, 0x00000000f5880000, 0x0000000100000000)
  eden space 236032K, 0% used [0x00000000e0000000,0x00000000e0000000,0x00000000ee680000)
  from space 19456K, 85% used [0x00000000ee680000,0x00000000ef6bb628,0x00000000ef980000)
  to   space 20992K, 0% used [0x00000000f4400000,0x00000000f4400000,0x00000000f5880000)
 ParOldGen       total 145408K, used 34206K [0x00000000a0000000, 0x00000000a8e00000, 0x00000000e0000000)
  object space 145408K, 23% used [0x00000000a0000000,0x00000000a2167bb0,0x00000000a8e00000)
 Metaspace       used 68763K, capacity 70880K, committed 71040K, reserved 1110016K
  class space    used 9029K, capacity 9539K, committed 9600K, reserved 1048576K
}

